<?xml version="1.0" encoding="UTF-8"?>
<testng-results skipped="0" failed="0" ignored="0" total="1" passed="1">
  <reporter-output>
  </reporter-output>
  <suite name="Default suite" duration-ms="16744" started-at="2018-04-12T07:02:56Z" finished-at="2018-04-12T07:03:12Z">
    <groups>
    </groups>
    <test name="Default test" duration-ms="16744" started-at="2018-04-12T07:02:56Z" finished-at="2018-04-12T07:03:12Z">
      <class name="testcases.LoginTest">
        <test-method status="PASS" signature="init()[pri:0, instance:testcases.LoginTest@6279ee]" name="init" is-config="true" duration-ms="468" started-at="2018-04-12T12:32:55Z" finished-at="2018-04-12T12:32:56Z">
          <reporter-output>
          </reporter-output>
        </test-method> <!-- init -->
        <test-method status="PASS" signature="LoginTest(java.util.Hashtable)[pri:0, instance:testcases.LoginTest@6279ee]" name="LoginTest" duration-ms="16712" started-at="2018-04-12T12:32:56Z" data-provider="getData" finished-at="2018-04-12T12:33:12Z">
          <params>
            <param index="0">
              <value>
                <![CDATA[{Username=bdhillon, RunMode=Y , Password=sbdfkjsbk, Browser=Chrome}]]>
              </value>
            </param>
          </params>
          <reporter-output>
          </reporter-output>
        </test-method> <!-- LoginTest -->
        <test-method status="PASS" signature="quite()[pri:0, instance:testcases.LoginTest@6279ee]" name="quite" is-config="true" duration-ms="1104" started-at="2018-04-12T12:33:13Z" finished-at="2018-04-12T12:33:14Z">
          <reporter-output>
          </reporter-output>
        </test-method> <!-- quite -->
      </class> <!-- testcases.LoginTest -->
    </test> <!-- Default test -->
  </suite> <!-- Default suite -->
</testng-results>
