<?xml version="1.0" encoding="UTF-8"?>
<testng-results skipped="0" failed="0" ignored="0" total="1" passed="1">
  <reporter-output>
  </reporter-output>
  <suite name="Default suite" duration-ms="21657" started-at="2018-04-13T04:12:25Z" finished-at="2018-04-13T04:12:47Z">
    <groups>
    </groups>
    <test name="Default test" duration-ms="21657" started-at="2018-04-13T04:12:25Z" finished-at="2018-04-13T04:12:47Z">
      <class name="testcases.LoginTest">
        <test-method status="PASS" signature="init()[pri:0, instance:testcases.LoginTest@581ac8a8]" name="init" is-config="true" duration-ms="17521" started-at="2018-04-13T09:42:08Z" finished-at="2018-04-13T09:42:25Z">
          <reporter-output>
          </reporter-output>
        </test-method> <!-- init -->
        <test-method status="PASS" signature="LoginTest(java.util.Hashtable)[pri:0, instance:testcases.LoginTest@581ac8a8]" name="LoginTest" duration-ms="15298" started-at="2018-04-13T09:42:32Z" data-provider="getData" finished-at="2018-04-13T09:42:47Z">
          <params>
            <param index="0">
              <value>
                <![CDATA[{Username=bdhillon, RunMode=Y , Password=sbdfkjsbk, Browser=Chrome}]]>
              </value>
            </param>
          </params>
          <reporter-output>
          </reporter-output>
        </test-method> <!-- LoginTest -->
        <test-method status="PASS" signature="quite()[pri:0, instance:testcases.LoginTest@581ac8a8]" name="quite" is-config="true" duration-ms="1102" started-at="2018-04-13T09:42:47Z" finished-at="2018-04-13T09:42:48Z">
          <reporter-output>
          </reporter-output>
        </test-method> <!-- quite -->
      </class> <!-- testcases.LoginTest -->
    </test> <!-- Default test -->
  </suite> <!-- Default suite -->
</testng-results>
